{"name":"website name","hostname":"zbxs-MateBook-X-Pro.local","pid":90510,"level":30,"msg":"开始登陆","time":"2024-07-01T03:30:44.346Z","v":0}
{"name":"website name","hostname":"zbxs-MateBook-X-Pro.local","pid":90510,"level":50,"msg":"data is not defined","time":"2024-07-01T03:30:44.371Z","v":0}
{"name":"website name","hostname":"zbxs-MateBook-X-Pro.local","pid":90510,"level":30,"msg":"data is not defined","time":"2024-07-01T03:30:44.371Z","v":0}
{"name":"website name","hostname":"zbxs-MateBook-X-Pro.local","pid":90510,"level":30,"msg":"登陆失败","time":"2024-07-01T03:30:44.371Z","v":0}
{"name":"website name","hostname":"zbxs-MateBook-X-Pro.local","pid":90510,"level":30,"msg":"开始获取博客列表","time":"2024-07-01T03:30:44.384Z","v":0}
{"name":"website name","hostname":"zbxs-MateBook-X-Pro.local","pid":90510,"level":50,"msg":"ER_NO_SUCH_TABLE: Table 'blog.userInfo' doesn't exist","time":"2024-07-01T03:30:44.395Z","v":0}
{"name":"website name","hostname":"zbxs-MateBook-X-Pro.local","pid":90510,"level":30,"msg":"开始获取博客详情","time":"2024-07-01T03:30:52.645Z","v":0}
{"name":"website name","hostname":"zbxs-MateBook-X-Pro.local","pid":90510,"level":30,"msg":"开始获取博客评论","time":"2024-07-01T03:30:52.646Z","v":0}
{"name":"website name","hostname":"zbxs-MateBook-X-Pro.local","pid":90510,"level":50,"msg":"ER_NO_SUCH_TABLE: Table 'blog.userInfo' doesn't exist","time":"2024-07-01T03:30:52.648Z","v":0}
{"name":"website name","hostname":"zbxs-MateBook-X-Pro.local","pid":90510,"level":50,"msg":"ER_NO_SUCH_TABLE: Table 'blog.userInfo' doesn't exist","time":"2024-07-01T03:30:52.653Z","v":0}
{"name":"website name","hostname":"zbxs-MateBook-X-Pro.local","pid":90510,"level":30,"msg":"开始获取博客列表","time":"2024-07-01T03:30:55.218Z","v":0}
{"name":"website name","hostname":"zbxs-MateBook-X-Pro.local","pid":90510,"level":50,"msg":"ER_NO_SUCH_TABLE: Table 'blog.userInfo' doesn't exist","time":"2024-07-01T03:30:55.221Z","v":0}
{"name":"website name","hostname":"zbxs-MateBook-X-Pro.local","pid":90510,"level":30,"msg":"开始获取个人信息","time":"2024-07-01T03:30:59.711Z","v":0}
{"name":"website name","hostname":"zbxs-MateBook-X-Pro.local","pid":90510,"level":30,"msg":"开始获取博客列表","time":"2024-07-01T03:30:59.711Z","v":0}
{"name":"website name","hostname":"zbxs-MateBook-X-Pro.local","pid":90510,"level":50,"msg":"ER_NO_SUCH_TABLE: Table 'blog.userInfo' doesn't exist","time":"2024-07-01T03:30:59.713Z","v":0}
{"name":"website name","hostname":"zbxs-MateBook-X-Pro.local","pid":90510,"level":30,"msg":"博客列表： [\n  {\n    articleId: 20,\n    publishTime: '2018.07.23 14:32',\n    blogTitle: '无标题文章',\n    blogContent: '我又来测试了',\n    relatedImg: 'http://127.0.0.1:7777/resource/fd5b1a554465d4f075d2f91e4edba067.png',\n    pageView: 0,\n    reply: 0,\n    like: 783\n  },\n  {\n    articleId: 21,\n    publishTime: '2018.07.23 14:37',\n    blogTitle: '无标题文章',\n    blogContent: '发热发热分    ',\n    relatedImg: 'http://127.0.0.1:7777/resource/fd5b1a554465d4f075d2f91e4edba067.png',\n    pageView: 0,\n    reply: 0,\n    like: 10001\n  },\n  {\n    articleId: 22,\n    publishTime: '2018.07.23 15:02',\n    blogTitle: '无标题文章',\n    blogContent: '的我v',\n    relatedImg: 'http://127.0.0.1:7777/resource/fd5b1a554465d4f075d2f91e4edba067.png',\n    pageView: 0,\n    reply: 0,\n    like: 2\n  }\n]","time":"2024-07-01T03:30:59.715Z","v":0}
{"name":"website name","hostname":"zbxs-MateBook-X-Pro.local","pid":90510,"level":30,"msg":"获取博客列表完成","time":"2024-07-01T03:30:59.716Z","v":0}
{"name":"website name","hostname":"zbxs-MateBook-X-Pro.local","pid":90510,"level":30,"msg":"开始登陆","time":"2024-07-01T03:31:05.837Z","v":0}
{"name":"website name","hostname":"zbxs-MateBook-X-Pro.local","pid":90510,"level":50,"msg":"data is not defined","time":"2024-07-01T03:31:05.841Z","v":0}
{"name":"website name","hostname":"zbxs-MateBook-X-Pro.local","pid":90510,"level":30,"msg":"data is not defined","time":"2024-07-01T03:31:05.841Z","v":0}
{"name":"website name","hostname":"zbxs-MateBook-X-Pro.local","pid":90510,"level":30,"msg":"登陆失败","time":"2024-07-01T03:31:05.841Z","v":0}
{"name":"website name","hostname":"zbxs-MateBook-X-Pro.local","pid":90510,"level":30,"msg":"开始获取博客列表","time":"2024-07-01T03:31:05.858Z","v":0}
{"name":"website name","hostname":"zbxs-MateBook-X-Pro.local","pid":90510,"level":50,"msg":"ER_NO_SUCH_TABLE: Table 'blog.userInfo' doesn't exist","time":"2024-07-01T03:31:05.860Z","v":0}
{"name":"website name","hostname":"zbxs-MateBook-X-Pro.local","pid":90510,"level":30,"msg":"开始获取博客详情","time":"2024-07-01T03:31:12.501Z","v":0}
{"name":"website name","hostname":"zbxs-MateBook-X-Pro.local","pid":90510,"level":30,"msg":"开始获取博客评论","time":"2024-07-01T03:31:12.501Z","v":0}
{"name":"website name","hostname":"zbxs-MateBook-X-Pro.local","pid":90510,"level":50,"msg":"ER_NO_SUCH_TABLE: Table 'blog.userInfo' doesn't exist","time":"2024-07-01T03:31:12.503Z","v":0}
{"name":"website name","hostname":"zbxs-MateBook-X-Pro.local","pid":90510,"level":50,"msg":"ER_NO_SUCH_TABLE: Table 'blog.userInfo' doesn't exist","time":"2024-07-01T03:31:12.504Z","v":0}
{"name":"website name","hostname":"zbxs-MateBook-X-Pro.local","pid":90510,"level":30,"msg":"开始获取博客列表","time":"2024-07-01T03:31:24.297Z","v":0}
{"name":"website name","hostname":"zbxs-MateBook-X-Pro.local","pid":90510,"level":50,"msg":"ER_NO_SUCH_TABLE: Table 'blog.userInfo' doesn't exist","time":"2024-07-01T03:31:24.300Z","v":0}
